<?xml version="1.0" encoding="UTF-8"?>
<!-- Generated by org.testng.reporters.JUnitReportReporter -->
<testsuite hostname="Hemanth-PC" name="qaclickacademy.SecTest" tests="2" failures="0" timestamp="8 Oct 2018 14:35:16 GMT" time="0.001" errors="0">
  <testcase name="sconfis" time="0.000" classname="qaclickacademy.SecTest"/>
  <testcase name="fiestex" time="0.001" classname="qaclickacademy.SecTest"/>
</testsuite> <!-- qaclickacademy.SecTest -->
