<?xml version="1.0" encoding="UTF-8"?>
<!-- Generated by org.testng.reporters.JUnitReportReporter -->
<testsuite hostname="Hemanth-PC" name="qaclickacademy.FirstTest" tests="2" failures="0" timestamp="8 Oct 2018 14:35:16 GMT" time="0.012" errors="0">
  <testcase name="secondone" time="0.000" classname="qaclickacademy.FirstTest"/>
  <testcase name="firstone" time="0.012" classname="qaclickacademy.FirstTest"/>
</testsuite> <!-- qaclickacademy.FirstTest -->
